Traceback (most recent call last):
  File "./leaderboard.py", line 24, in <module>
    rank   = int(entry.find(class_='table-item-rank').text)
ValueError: invalid literal for int() with base 10: ''
Parsed 100 entries at 2013-06-27 21:00:31.325010
Traceback (most recent call last):
  File "./leaderboard.py", line 35, in <module>
    time.sleep(60)
KeyboardInterrupt
Parsed 100 entries at 2013-06-27 21:00:35.085713
Parsed 100 entries at 2013-06-27 21:01:36.181690
Parsed 100 entries at 2013-06-27 21:02:36.885140
Parsed 100 entries at 2013-06-27 21:03:37.836408
Parsed 100 entries at 2013-06-27 21:04:38.860955
Parsed 100 entries at 2013-06-27 21:05:39.622940
Parsed 100 entries at 2013-06-27 21:06:40.510696
Parsed 100 entries at 2013-06-27 21:07:41.382370
Parsed 100 entries at 2013-06-27 21:08:42.377658
Parsed 100 entries at 2013-06-27 21:09:43.131724
Parsed 100 entries at 2013-06-27 21:10:44.001914
Parsed 100 entries at 2013-06-27 21:11:44.835285
Parsed 100 entries at 2013-06-27 21:12:45.606640
Parsed 100 entries at 2013-06-27 21:13:46.446790
Parsed 100 entries at 2013-06-27 21:14:47.469318
Parsed 100 entries at 2013-06-27 21:15:48.264669
Parsed 100 entries at 2013-06-27 21:16:49.108423
Parsed 100 entries at 2013-06-27 21:17:49.820788
Parsed 100 entries at 2013-06-27 21:18:50.523967
Parsed 100 entries at 2013-06-27 21:19:51.448632
Parsed 100 entries at 2013-06-27 21:20:52.401843
Parsed 100 entries at 2013-06-27 21:21:53.353996
Parsed 100 entries at 2013-06-27 21:22:54.262249
Parsed 100 entries at 2013-06-27 21:23:55.075974
Parsed 100 entries at 2013-06-27 21:24:55.882642
Parsed 100 entries at 2013-06-27 21:25:56.799676
Parsed 100 entries at 2013-06-27 21:26:57.639075
Parsed 100 entries at 2013-06-27 21:27:58.475429
Parsed 100 entries at 2013-06-27 21:28:59.396139
Parsed 100 entries at 2013-06-27 21:30:00.099062
Parsed 100 entries at 2013-06-27 21:31:01.000374
Parsed 100 entries at 2013-06-27 21:32:01.912034
Parsed 100 entries at 2013-06-27 21:33:02.765225
Parsed 100 entries at 2013-06-27 21:34:03.798216
Parsed 100 entries at 2013-06-27 21:35:04.749446
Parsed 100 entries at 2013-06-27 21:36:05.714883
Parsed 100 entries at 2013-06-27 21:37:07.452260
Parsed 100 entries at 2013-06-27 21:38:08.419422
Parsed 100 entries at 2013-06-27 21:39:09.461248
Parsed 100 entries at 2013-06-27 21:40:10.159793
Parsed 100 entries at 2013-06-27 21:41:10.913552
Parsed 100 entries at 2013-06-27 21:42:11.901990
Parsed 100 entries at 2013-06-27 21:43:12.899827
Parsed 100 entries at 2013-06-27 21:44:13.972713
Parsed 100 entries at 2013-06-27 21:45:14.848490
Parsed 100 entries at 2013-06-27 21:46:15.557482
Parsed 100 entries at 2013-06-27 21:47:21.353301
Parsed 100 entries at 2013-06-27 21:48:22.161992
Parsed 100 entries at 2013-06-27 21:49:23.109917
Parsed 100 entries at 2013-06-27 21:50:24.021420
Parsed 100 entries at 2013-06-27 21:51:25.068730
Parsed 100 entries at 2013-06-27 21:52:25.984282
Parsed 100 entries at 2013-06-27 21:53:26.862041
Parsed 100 entries at 2013-06-27 21:54:27.679975
Parsed 100 entries at 2013-06-27 21:55:28.639961
Parsed 100 entries at 2013-06-27 21:56:29.460242
Parsed 100 entries at 2013-06-27 21:57:30.194806
Parsed 100 entries at 2013-06-27 21:58:30.900100
Parsed 100 entries at 2013-06-27 21:59:31.963346
Parsed 100 entries at 2013-06-27 22:00:32.705035
Parsed 100 entries at 2013-06-27 22:01:33.674705
Parsed 100 entries at 2013-06-27 22:02:34.529040
Parsed 100 entries at 2013-06-27 22:03:35.419186
Parsed 100 entries at 2013-06-27 22:04:36.189622
Parsed 100 entries at 2013-06-27 22:05:37.090070
Parsed 100 entries at 2013-06-27 22:06:37.931315
Parsed 100 entries at 2013-06-27 22:07:39.046854
Parsed 100 entries at 2013-06-27 22:08:39.861357
Parsed 100 entries at 2013-06-27 22:09:40.873747
Parsed 100 entries at 2013-06-27 22:10:41.618749
Parsed 100 entries at 2013-06-27 22:11:42.466035
Parsed 100 entries at 2013-06-27 22:12:43.228668
Parsed 100 entries at 2013-06-27 22:13:44.131274
Parsed 100 entries at 2013-06-27 22:14:45.192151
Parsed 100 entries at 2013-06-27 22:15:45.940300
Parsed 100 entries at 2013-06-27 22:16:46.698141
Parsed 100 entries at 2013-06-27 22:17:47.523123
Parsed 100 entries at 2013-06-27 22:18:48.421560
Parsed 100 entries at 2013-06-27 22:19:49.299070
Parsed 100 entries at 2013-06-27 22:20:50.227231
Parsed 100 entries at 2013-06-27 22:21:50.967921
Parsed 100 entries at 2013-06-27 22:22:51.960699
Parsed 100 entries at 2013-06-27 22:23:52.782268
Parsed 100 entries at 2013-06-27 22:24:53.679873
Parsed 100 entries at 2013-06-27 22:25:54.376205
Parsed 100 entries at 2013-06-27 22:26:55.868384
Parsed 100 entries at 2013-06-27 22:27:56.611812
Parsed 100 entries at 2013-06-27 22:28:57.323552
Parsed 100 entries at 2013-06-27 22:29:58.168728
Parsed 100 entries at 2013-06-27 22:30:58.966696
Parsed 100 entries at 2013-06-27 22:31:59.724689
Parsed 100 entries at 2013-06-27 22:33:00.578258
Parsed 100 entries at 2013-06-27 22:34:01.358802
Parsed 100 entries at 2013-06-27 22:35:02.257923
Parsed 100 entries at 2013-06-27 22:36:03.048933
Parsed 100 entries at 2013-06-27 22:37:03.951798
Parsed 100 entries at 2013-06-27 22:38:04.978116
Parsed 100 entries at 2013-06-27 22:39:05.779954
Parsed 100 entries at 2013-06-27 22:40:06.555145
Parsed 100 entries at 2013-06-27 22:41:07.410259
Parsed 100 entries at 2013-06-27 22:42:08.189053
Parsed 100 entries at 2013-06-27 22:43:08.977125
Parsed 100 entries at 2013-06-27 22:44:10.021357
Parsed 100 entries at 2013-06-27 22:45:10.873618
Parsed 100 entries at 2013-06-27 22:46:11.608875
Parsed 100 entries at 2013-06-27 22:47:12.346783
Parsed 100 entries at 2013-06-27 22:48:13.261078
Parsed 100 entries at 2013-06-27 22:49:14.100777
Parsed 100 entries at 2013-06-27 22:50:15.138761
Parsed 100 entries at 2013-06-27 22:51:16.000120
Parsed 100 entries at 2013-06-27 22:52:16.842269
Parsed 100 entries at 2013-06-27 22:53:17.849721
Parsed 100 entries at 2013-06-27 22:54:18.760741
Parsed 100 entries at 2013-06-27 22:55:19.768377
Parsed 100 entries at 2013-06-27 22:56:20.488519
Parsed 100 entries at 2013-06-27 22:57:21.383475
Parsed 100 entries at 2013-06-27 22:58:22.335857
Parsed 100 entries at 2013-06-27 22:59:23.083481
Parsed 100 entries at 2013-06-27 23:00:23.863514
Parsed 100 entries at 2013-06-27 23:01:24.645322
Parsed 100 entries at 2013-06-27 23:02:25.402860
Parsed 100 entries at 2013-06-27 23:03:26.419062
Parsed 100 entries at 2013-06-27 23:04:27.309246
Parsed 100 entries at 2013-06-27 23:05:28.361086
Parsed 100 entries at 2013-06-27 23:06:29.146794
Parsed 100 entries at 2013-06-27 23:07:29.951136
Parsed 100 entries at 2013-06-27 23:08:30.878571
Parsed 100 entries at 2013-06-27 23:09:31.779735
Parsed 100 entries at 2013-06-27 23:10:32.582366
Parsed 100 entries at 2013-06-27 23:11:33.311033
Parsed 100 entries at 2013-06-27 23:12:34.578591
Parsed 100 entries at 2013-06-27 23:13:35.323836
Parsed 100 entries at 2013-06-27 23:14:36.319143
Parsed 100 entries at 2013-06-27 23:15:37.475118
Parsed 100 entries at 2013-06-27 23:16:38.189743
Parsed 100 entries at 2013-06-27 23:17:39.086847
Parsed 100 entries at 2013-06-27 23:18:40.026595
Parsed 100 entries at 2013-06-27 23:19:40.816270
Parsed 100 entries at 2013-06-27 23:20:41.823399
Parsed 100 entries at 2013-06-27 23:21:42.572557
Parsed 100 entries at 2013-06-27 23:22:43.403791
Parsed 100 entries at 2013-06-27 23:23:44.409147
Parsed 100 entries at 2013-06-27 23:24:45.609915
Parsed 100 entries at 2013-06-27 23:25:46.412250
Parsed 100 entries at 2013-06-27 23:26:47.240656
Parsed 100 entries at 2013-06-27 23:27:48.083819
Parsed 100 entries at 2013-06-27 23:28:49.419953
Parsed 100 entries at 2013-06-27 23:29:50.275174
Parsed 100 entries at 2013-06-27 23:30:51.329630
Parsed 100 entries at 2013-06-27 23:31:52.089404
Parsed 100 entries at 2013-06-27 23:32:52.856007
Parsed 100 entries at 2013-06-27 23:33:53.553758
Parsed 100 entries at 2013-06-27 23:34:54.356498
Parsed 100 entries at 2013-06-27 23:35:55.127911
Parsed 100 entries at 2013-06-27 23:36:55.851303
Parsed 100 entries at 2013-06-27 23:37:56.661177
Parsed 100 entries at 2013-06-27 23:38:57.445327
Parsed 100 entries at 2013-06-27 23:39:58.377702
Parsed 100 entries at 2013-06-27 23:40:59.272200
Parsed 100 entries at 2013-06-27 23:42:00.087424
Parsed 100 entries at 2013-06-27 23:43:00.763960
Parsed 100 entries at 2013-06-27 23:44:01.608371
Parsed 100 entries at 2013-06-27 23:45:02.482931
Parsed 100 entries at 2013-06-27 23:46:03.315779
Parsed 100 entries at 2013-06-27 23:47:04.082732
Parsed 100 entries at 2013-06-27 23:48:04.891825
Parsed 100 entries at 2013-06-27 23:49:05.891677
Parsed 100 entries at 2013-06-27 23:50:06.725213
Parsed 100 entries at 2013-06-27 23:51:07.645645
Parsed 100 entries at 2013-06-27 23:52:08.411272
Parsed 100 entries at 2013-06-27 23:53:09.402952
Parsed 100 entries at 2013-06-27 23:54:10.274760
Parsed 100 entries at 2013-06-27 23:55:11.188097
Parsed 100 entries at 2013-06-27 23:56:12.017571
Parsed 100 entries at 2013-06-27 23:57:12.994679
Parsed 100 entries at 2013-06-27 23:58:13.731046
Parsed 100 entries at 2013-06-27 23:59:14.509090
Parsed 100 entries at 2013-06-28 00:00:15.287612
Parsed 100 entries at 2013-06-28 00:01:16.115337
Parsed 100 entries at 2013-06-28 00:02:17.017439
Parsed 100 entries at 2013-06-28 00:03:17.746385
Parsed 100 entries at 2013-06-28 00:04:18.482685
Parsed 100 entries at 2013-06-28 00:05:19.196855
Parsed 100 entries at 2013-06-28 00:06:19.872457
Parsed 100 entries at 2013-06-28 00:07:20.707930
Parsed 100 entries at 2013-06-28 00:08:21.524335
Parsed 100 entries at 2013-06-28 00:09:22.368208
Parsed 100 entries at 2013-06-28 00:10:23.230815
Parsed 100 entries at 2013-06-28 00:11:24.336272
Parsed 100 entries at 2013-06-28 00:12:25.250825
Parsed 100 entries at 2013-06-28 00:13:26.170363
Parsed 100 entries at 2013-06-28 00:14:26.939744
Parsed 100 entries at 2013-06-28 00:15:27.890285
Parsed 100 entries at 2013-06-28 00:16:29.067651
Parsed 100 entries at 2013-06-28 00:17:30.238259
Parsed 100 entries at 2013-06-28 00:18:30.959433
Parsed 100 entries at 2013-06-28 00:19:31.616522
Parsed 100 entries at 2013-06-28 00:20:32.715469
Parsed 100 entries at 2013-06-28 00:21:33.766074
Parsed 100 entries at 2013-06-28 00:22:34.546672
Parsed 100 entries at 2013-06-28 00:23:35.527951
Parsed 100 entries at 2013-06-28 00:24:36.286641
Parsed 100 entries at 2013-06-28 00:25:37.128688
Parsed 100 entries at 2013-06-28 00:26:37.924549
Parsed 100 entries at 2013-06-28 00:27:38.777826
Parsed 100 entries at 2013-06-28 00:28:39.573297
Parsed 100 entries at 2013-06-28 00:29:40.561175
Parsed 100 entries at 2013-06-28 00:30:41.370933
Parsed 100 entries at 2013-06-28 00:31:42.235755
Parsed 100 entries at 2013-06-28 00:32:43.181420
Parsed 100 entries at 2013-06-28 00:33:43.990288
Parsed 100 entries at 2013-06-28 00:34:44.948388
Parsed 100 entries at 2013-06-28 00:35:45.867625
Parsed 100 entries at 2013-06-28 00:36:46.575892
Parsed 100 entries at 2013-06-28 00:37:47.334104
Parsed 100 entries at 2013-06-28 00:38:48.140678
Parsed 100 entries at 2013-06-28 00:39:49.013253
Parsed 100 entries at 2013-06-28 00:40:50.182608
Parsed 100 entries at 2013-06-28 00:41:51.078120
Parsed 100 entries at 2013-06-28 00:42:52.079943
Parsed 100 entries at 2013-06-28 00:43:52.755703
Parsed 100 entries at 2013-06-28 00:44:53.702914
Parsed 100 entries at 2013-06-28 00:45:54.436172
Parsed 100 entries at 2013-06-28 00:46:55.421685
Parsed 100 entries at 2013-06-28 00:47:56.299948
Parsed 100 entries at 2013-06-28 00:48:57.138878
Parsed 100 entries at 2013-06-28 00:49:58.084013
Parsed 100 entries at 2013-06-28 00:50:58.854252
Parsed 100 entries at 2013-06-28 00:51:59.639305
Parsed 100 entries at 2013-06-28 00:53:00.733446
Parsed 100 entries at 2013-06-28 00:54:01.490253
Parsed 100 entries at 2013-06-28 00:55:02.265923
Parsed 100 entries at 2013-06-28 00:56:03.135128
Parsed 100 entries at 2013-06-28 00:57:03.964584
Parsed 100 entries at 2013-06-28 00:58:04.786324
Parsed 100 entries at 2013-06-28 00:59:05.829366
Parsed 100 entries at 2013-06-28 01:00:06.738647
Parsed 100 entries at 2013-06-28 01:01:08.139232
Parsed 100 entries at 2013-06-28 01:02:08.812448
Parsed 100 entries at 2013-06-28 01:03:09.591005
Parsed 100 entries at 2013-06-28 01:04:10.365280
Parsed 100 entries at 2013-06-28 01:05:11.435618
Parsed 100 entries at 2013-06-28 01:06:12.272002
Parsed 100 entries at 2013-06-28 01:07:13.083667
Parsed 100 entries at 2013-06-28 01:08:13.862143
Parsed 100 entries at 2013-06-28 01:09:14.933579
Parsed 100 entries at 2013-06-28 01:10:15.730684
Parsed 100 entries at 2013-06-28 01:11:16.545716
Parsed 100 entries at 2013-06-28 01:12:17.319921
Parsed 100 entries at 2013-06-28 01:13:18.237265
Parsed 100 entries at 2013-06-28 01:14:19.028059
Parsed 100 entries at 2013-06-28 01:15:20.015068
Parsed 100 entries at 2013-06-28 01:16:20.807287
Parsed 100 entries at 2013-06-28 01:17:22.016149
Parsed 100 entries at 2013-06-28 01:18:22.888010
Parsed 100 entries at 2013-06-28 01:19:23.716366
Parsed 100 entries at 2013-06-28 01:20:24.576553
Parsed 100 entries at 2013-06-28 01:21:25.475789
Parsed 100 entries at 2013-06-28 01:22:26.293462
Parsed 100 entries at 2013-06-28 01:23:27.270406
Parsed 100 entries at 2013-06-28 01:24:28.137167
Parsed 100 entries at 2013-06-28 01:25:28.871041
Parsed 100 entries at 2013-06-28 01:26:29.625947
Parsed 100 entries at 2013-06-28 01:27:30.498263
Parsed 100 entries at 2013-06-28 01:28:31.275319
Parsed 100 entries at 2013-06-28 01:29:32.037126
Parsed 100 entries at 2013-06-28 01:30:32.779581
Parsed 100 entries at 2013-06-28 01:31:33.781782
Parsed 100 entries at 2013-06-28 01:32:34.557420
Parsed 100 entries at 2013-06-28 01:33:35.569785
Parsed 100 entries at 2013-06-28 01:34:36.382414
Parsed 100 entries at 2013-06-28 01:35:37.123078
Parsed 100 entries at 2013-06-28 01:36:37.931297
Parsed 100 entries at 2013-06-28 01:37:38.700486
Parsed 100 entries at 2013-06-28 01:38:39.416027
Parsed 100 entries at 2013-06-28 01:39:40.161192
Parsed 100 entries at 2013-06-28 01:40:41.051496
Parsed 100 entries at 2013-06-28 01:41:41.918244
Parsed 100 entries at 2013-06-28 01:42:42.690851
Parsed 100 entries at 2013-06-28 01:43:43.808009
Parsed 100 entries at 2013-06-28 01:44:44.578063
Parsed 100 entries at 2013-06-28 01:45:45.336254
Parsed 100 entries at 2013-06-28 01:46:46.029394
Parsed 100 entries at 2013-06-28 01:47:46.762260
Parsed 100 entries at 2013-06-28 01:48:47.554454
Parsed 100 entries at 2013-06-28 01:49:48.356266
Parsed 100 entries at 2013-06-28 01:50:49.215558
Parsed 100 entries at 2013-06-28 01:51:50.120312
Parsed 100 entries at 2013-06-28 01:52:51.086554
Parsed 100 entries at 2013-06-28 01:53:52.028454
Parsed 100 entries at 2013-06-28 01:54:53.016517
Parsed 100 entries at 2013-06-28 01:55:53.732802
Parsed 100 entries at 2013-06-28 01:56:54.636688
Parsed 100 entries at 2013-06-28 01:57:55.337610
Parsed 100 entries at 2013-06-28 01:58:56.077526
Parsed 100 entries at 2013-06-28 01:59:56.848187
Parsed 100 entries at 2013-06-28 02:00:57.704195
Parsed 100 entries at 2013-06-28 02:01:58.596677
Parsed 100 entries at 2013-06-28 02:02:59.646813
Parsed 100 entries at 2013-06-28 02:04:00.513438
Parsed 100 entries at 2013-06-28 02:05:01.320735
Parsed 100 entries at 2013-06-28 02:06:02.098713
Parsed 100 entries at 2013-06-28 02:07:02.835924
Parsed 100 entries at 2013-06-28 02:08:03.695591
Parsed 100 entries at 2013-06-28 02:09:04.457763
Parsed 100 entries at 2013-06-28 02:10:05.219117
Parsed 100 entries at 2013-06-28 02:11:05.973543
Parsed 100 entries at 2013-06-28 02:12:06.666426
Parsed 100 entries at 2013-06-28 02:13:07.354806
Parsed 100 entries at 2013-06-28 02:14:08.172049
Parsed 100 entries at 2013-06-28 02:15:09.017964
Parsed 100 entries at 2013-06-28 02:16:09.890543
Parsed 100 entries at 2013-06-28 02:17:10.736142
Parsed 100 entries at 2013-06-28 02:18:11.683222
Parsed 100 entries at 2013-06-28 02:19:12.735854
Parsed 100 entries at 2013-06-28 02:20:13.581124
Parsed 100 entries at 2013-06-28 02:21:14.323573
Parsed 100 entries at 2013-06-28 02:22:15.160396
Parsed 100 entries at 2013-06-28 02:23:15.939793
Parsed 100 entries at 2013-06-28 02:24:16.854691
Parsed 100 entries at 2013-06-28 02:25:17.727505
Parsed 100 entries at 2013-06-28 02:26:18.554410
Parsed 100 entries at 2013-06-28 02:27:19.301927
Parsed 100 entries at 2013-06-28 02:28:20.358167
Parsed 100 entries at 2013-06-28 02:29:21.104756
Parsed 100 entries at 2013-06-28 02:30:21.789220
Parsed 100 entries at 2013-06-28 02:31:22.622002
Parsed 100 entries at 2013-06-28 02:32:23.444747
Parsed 100 entries at 2013-06-28 02:33:24.317449
Parsed 100 entries at 2013-06-28 02:34:25.164957
Parsed 100 entries at 2013-06-28 02:35:25.943602
Parsed 100 entries at 2013-06-28 02:36:26.786616
Parsed 100 entries at 2013-06-28 02:37:27.748592
Parsed 100 entries at 2013-06-28 02:38:28.697616
Parsed 100 entries at 2013-06-28 02:39:29.699218
Parsed 100 entries at 2013-06-28 02:40:30.561950
Parsed 100 entries at 2013-06-28 02:41:31.381795
Parsed 100 entries at 2013-06-28 02:42:32.168174
Parsed 100 entries at 2013-06-28 02:43:33.078566
Parsed 100 entries at 2013-06-28 02:44:33.850917
Parsed 100 entries at 2013-06-28 02:45:35.281275
Parsed 100 entries at 2013-06-28 02:46:36.033745
Parsed 100 entries at 2013-06-28 02:47:36.840812
Parsed 100 entries at 2013-06-28 02:48:37.575968
Parsed 100 entries at 2013-06-28 02:49:38.406960
Parsed 100 entries at 2013-06-28 02:50:39.269753
Parsed 100 entries at 2013-06-28 02:51:39.950503
Parsed 100 entries at 2013-06-28 02:52:40.657890
Parsed 100 entries at 2013-06-28 02:53:41.811983
Parsed 100 entries at 2013-06-28 02:54:42.625442
Parsed 100 entries at 2013-06-28 02:55:43.372324
Parsed 100 entries at 2013-06-28 02:56:44.332375
Parsed 100 entries at 2013-06-28 02:57:45.090816
Parsed 100 entries at 2013-06-28 02:58:45.986418
Parsed 100 entries at 2013-06-28 02:59:46.824913
Parsed 100 entries at 2013-06-28 03:00:47.577151
Parsed 100 entries at 2013-06-28 03:01:48.328017
Parsed 100 entries at 2013-06-28 03:02:49.162233
Parsed 100 entries at 2013-06-28 03:03:49.974216
Parsed 100 entries at 2013-06-28 03:04:50.826881
Parsed 100 entries at 2013-06-28 03:05:51.644023
Parsed 100 entries at 2013-06-28 03:06:52.451269
Parsed 100 entries at 2013-06-28 03:07:53.216865
Parsed 100 entries at 2013-06-28 03:08:53.950518
Parsed 100 entries at 2013-06-28 03:09:54.879653
Parsed 100 entries at 2013-06-28 03:10:55.862064
Parsed 100 entries at 2013-06-28 03:11:56.574620
Parsed 100 entries at 2013-06-28 03:12:57.320748
Parsed 100 entries at 2013-06-28 03:13:58.418380
Parsed 100 entries at 2013-06-28 03:14:59.163569
Parsed 100 entries at 2013-06-28 03:15:59.874138
Parsed 100 entries at 2013-06-28 03:17:00.708570
Parsed 100 entries at 2013-06-28 03:18:01.444253
Parsed 100 entries at 2013-06-28 03:19:02.693988
Parsed 100 entries at 2013-06-28 03:20:03.417485
Parsed 100 entries at 2013-06-28 03:21:04.287516
Parsed 100 entries at 2013-06-28 03:22:05.182251
Parsed 100 entries at 2013-06-28 03:23:05.940353
Parsed 100 entries at 2013-06-28 03:24:06.647441
Parsed 100 entries at 2013-06-28 03:25:07.516209
Parsed 100 entries at 2013-06-28 03:26:08.511983
Parsed 100 entries at 2013-06-28 03:27:09.701153
Parsed 100 entries at 2013-06-28 03:28:10.397233
Parsed 100 entries at 2013-06-28 03:29:11.272305
Parsed 100 entries at 2013-06-28 03:30:12.045648
Parsed 100 entries at 2013-06-28 03:31:13.071863
Parsed 100 entries at 2013-06-28 03:32:13.934608
Parsed 100 entries at 2013-06-28 03:33:14.652154
Parsed 100 entries at 2013-06-28 03:34:15.387721
Parsed 100 entries at 2013-06-28 03:35:16.045409
Parsed 100 entries at 2013-06-28 03:36:16.951315
Parsed 100 entries at 2013-06-28 03:37:17.699759
Parsed 100 entries at 2013-06-28 03:38:18.472064
Parsed 100 entries at 2013-06-28 03:39:19.254250
Parsed 100 entries at 2013-06-28 03:40:19.975534
Parsed 100 entries at 2013-06-28 03:41:20.852864
Parsed 100 entries at 2013-06-28 03:42:21.947857
Parsed 100 entries at 2013-06-28 03:43:22.633535
Parsed 100 entries at 2013-06-28 03:44:23.524586
Parsed 100 entries at 2013-06-28 03:45:24.364761
Parsed 100 entries at 2013-06-28 03:46:25.358637
Parsed 100 entries at 2013-06-28 03:47:26.267005
Parsed 100 entries at 2013-06-28 03:48:27.003892
Parsed 100 entries at 2013-06-28 03:49:27.693178
Parsed 100 entries at 2013-06-28 03:50:28.990708
Parsed 100 entries at 2013-06-28 03:51:29.985149
Parsed 100 entries at 2013-06-28 03:52:30.775043
Parsed 100 entries at 2013-06-28 03:53:31.517751
Parsed 100 entries at 2013-06-28 03:54:32.245006
Parsed 100 entries at 2013-06-28 03:55:33.126368
Parsed 100 entries at 2013-06-28 03:56:34.037164
Parsed 100 entries at 2013-06-28 03:57:35.065318
Parsed 100 entries at 2013-06-28 03:58:36.186215
Parsed 100 entries at 2013-06-28 03:59:37.030861
Parsed 100 entries at 2013-06-28 04:00:38.071642
Parsed 100 entries at 2013-06-28 04:01:38.988760
Parsed 100 entries at 2013-06-28 04:02:39.756214
Parsed 100 entries at 2013-06-28 04:03:40.508487
Parsed 100 entries at 2013-06-28 04:04:41.766278
Parsed 100 entries at 2013-06-28 04:05:42.856769
Parsed 100 entries at 2013-06-28 04:06:43.625557
Parsed 100 entries at 2013-06-28 04:07:44.387153
Parsed 100 entries at 2013-06-28 04:08:45.210385
Parsed 100 entries at 2013-06-28 04:09:46.077103
Parsed 100 entries at 2013-06-28 04:10:46.792756
Parsed 100 entries at 2013-06-28 04:11:47.549802
Parsed 100 entries at 2013-06-28 04:12:48.427589
Parsed 100 entries at 2013-06-28 04:13:49.205114
Parsed 100 entries at 2013-06-28 04:14:50.025063
Parsed 100 entries at 2013-06-28 04:15:50.741168
Parsed 100 entries at 2013-06-28 04:16:51.657051
Parsed 100 entries at 2013-06-28 04:17:52.354423
Parsed 100 entries at 2013-06-28 04:18:53.194832
Parsed 100 entries at 2013-06-28 04:19:54.231662
Parsed 100 entries at 2013-06-28 04:20:55.228471
Parsed 100 entries at 2013-06-28 04:21:56.037292
Parsed 100 entries at 2013-06-28 04:22:56.799180
Parsed 100 entries at 2013-06-28 04:23:57.567305
Parsed 100 entries at 2013-06-28 04:24:58.577137
Parsed 100 entries at 2013-06-28 04:25:59.450350
Parsed 100 entries at 2013-06-28 04:27:00.211759
Parsed 100 entries at 2013-06-28 04:28:01.012110
Parsed 100 entries at 2013-06-28 04:29:02.022577
Parsed 100 entries at 2013-06-28 04:30:02.792958
Parsed 100 entries at 2013-06-28 04:31:03.554034
Parsed 100 entries at 2013-06-28 04:32:04.702246
Parsed 100 entries at 2013-06-28 04:33:05.599892
Parsed 100 entries at 2013-06-28 04:34:06.413665
Parsed 100 entries at 2013-06-28 04:35:07.202582
Parsed 100 entries at 2013-06-28 04:36:07.915461
Parsed 100 entries at 2013-06-28 04:37:08.585243
Parsed 100 entries at 2013-06-28 04:38:09.436276
Parsed 100 entries at 2013-06-28 04:39:10.491960
Parsed 100 entries at 2013-06-28 04:40:11.331140
Parsed 100 entries at 2013-06-28 04:41:12.090803
Parsed 100 entries at 2013-06-28 04:42:12.906324
Parsed 100 entries at 2013-06-28 04:43:13.661215
Parsed 100 entries at 2013-06-28 04:44:14.410439
Parsed 100 entries at 2013-06-28 04:45:15.427179
Parsed 100 entries at 2013-06-28 04:46:16.192968
Parsed 100 entries at 2013-06-28 04:47:16.988452
Parsed 100 entries at 2013-06-28 04:48:17.735756
Parsed 100 entries at 2013-06-28 04:49:18.560947
Parsed 100 entries at 2013-06-28 04:50:19.530653
Parsed 100 entries at 2013-06-28 04:51:20.566241
Parsed 100 entries at 2013-06-28 04:52:21.361651
Parsed 100 entries at 2013-06-28 04:53:22.131670
Parsed 100 entries at 2013-06-28 04:54:22.846169
Parsed 100 entries at 2013-06-28 04:55:23.856519
Parsed 100 entries at 2013-06-28 04:56:24.954118
Parsed 100 entries at 2013-06-28 04:57:25.716992
Parsed 100 entries at 2013-06-28 04:58:26.539857
Parsed 100 entries at 2013-06-28 04:59:27.278936
Parsed 100 entries at 2013-06-28 05:00:28.165125
Parsed 100 entries at 2013-06-28 05:01:29.083887
Parsed 100 entries at 2013-06-28 05:02:30.006213
Parsed 100 entries at 2013-06-28 05:03:30.966977
Parsed 100 entries at 2013-06-28 05:04:31.912941
Parsed 100 entries at 2013-06-28 05:05:32.613684
Parsed 100 entries at 2013-06-28 05:06:33.448508
Parsed 100 entries at 2013-06-28 05:07:34.305081
Parsed 100 entries at 2013-06-28 05:08:35.042621
Parsed 100 entries at 2013-06-28 05:09:36.077517
Parsed 100 entries at 2013-06-28 05:10:36.805098
Parsed 100 entries at 2013-06-28 05:11:37.503921
Parsed 100 entries at 2013-06-28 05:12:38.443759
Parsed 100 entries at 2013-06-28 05:13:39.358009
Parsed 100 entries at 2013-06-28 05:14:40.121131
Parsed 100 entries at 2013-06-28 05:15:40.907973
Parsed 100 entries at 2013-06-28 05:16:42.116782
Parsed 100 entries at 2013-06-28 05:17:42.986623
Parsed 100 entries at 2013-06-28 05:18:43.782549
Parsed 100 entries at 2013-06-28 05:19:44.497487
Parsed 100 entries at 2013-06-28 05:20:45.492918
Parsed 100 entries at 2013-06-28 05:21:46.666247
Parsed 100 entries at 2013-06-28 05:22:47.448373
Parsed 100 entries at 2013-06-28 05:23:48.160778
Parsed 100 entries at 2013-06-28 05:24:49.092728
Parsed 100 entries at 2013-06-28 05:25:50.216064
Parsed 100 entries at 2013-06-28 05:26:51.117219
Parsed 100 entries at 2013-06-28 05:27:51.936817
Parsed 100 entries at 2013-06-28 05:28:52.655987
Parsed 100 entries at 2013-06-28 05:29:53.515403
Parsed 100 entries at 2013-06-28 05:30:54.277681
Parsed 100 entries at 2013-06-28 05:31:55.316574
Parsed 100 entries at 2013-06-28 05:32:56.078122
Parsed 100 entries at 2013-06-28 05:33:57.085654
Parsed 100 entries at 2013-06-28 05:34:57.826977
Parsed 100 entries at 2013-06-28 05:35:58.664596
Parsed 100 entries at 2013-06-28 05:36:59.633313
Parsed 100 entries at 2013-06-28 05:38:00.726953
Parsed 100 entries at 2013-06-28 05:39:01.426659
Parsed 100 entries at 2013-06-28 05:40:02.261269
Parsed 100 entries at 2013-06-28 05:41:03.006720
Parsed 100 entries at 2013-06-28 05:42:03.763054
Parsed 100 entries at 2013-06-28 05:43:04.629382
Parsed 100 entries at 2013-06-28 05:44:05.314997
Parsed 100 entries at 2013-06-28 05:45:06.141840
Parsed 100 entries at 2013-06-28 05:46:07.002390
Parsed 100 entries at 2013-06-28 05:47:07.810385
Parsed 100 entries at 2013-06-28 05:48:08.757044
Parsed 100 entries at 2013-06-28 05:49:09.517123
Parsed 100 entries at 2013-06-28 05:50:10.268986
Parsed 100 entries at 2013-06-28 05:51:11.016418
Parsed 100 entries at 2013-06-28 05:52:11.868234
Parsed 100 entries at 2013-06-28 05:53:13.018374
Parsed 100 entries at 2013-06-28 05:54:13.901502
Parsed 100 entries at 2013-06-28 05:55:14.787183
Parsed 100 entries at 2013-06-28 05:56:15.534400
Parsed 100 entries at 2013-06-28 05:57:16.289818
Parsed 100 entries at 2013-06-28 05:58:17.048932
Parsed 100 entries at 2013-06-28 05:59:17.746868
Parsed 100 entries at 2013-06-28 06:00:18.467221
Parsed 100 entries at 2013-06-28 06:01:19.387029
Parsed 100 entries at 2013-06-28 06:02:20.270506
Parsed 100 entries at 2013-06-28 06:03:21.193954
Parsed 100 entries at 2013-06-28 06:04:21.951416
Parsed 100 entries at 2013-06-28 06:05:22.981830
Parsed 100 entries at 2013-06-28 06:06:23.748945
Parsed 100 entries at 2013-06-28 06:07:24.522236
Parsed 100 entries at 2013-06-28 06:08:25.532021
Parsed 100 entries at 2013-06-28 06:09:26.268653
Parsed 100 entries at 2013-06-28 06:10:27.160534
Parsed 100 entries at 2013-06-28 06:11:27.989426
Parsed 100 entries at 2013-06-28 06:12:28.741746
Parsed 100 entries at 2013-06-28 06:13:29.420282
Parsed 100 entries at 2013-06-28 06:14:30.330236
Parsed 100 entries at 2013-06-28 06:15:31.168672
Parsed 100 entries at 2013-06-28 06:16:32.204037
Parsed 100 entries at 2013-06-28 06:17:32.908513
Parsed 100 entries at 2013-06-28 06:18:33.594082
Parsed 100 entries at 2013-06-28 06:19:34.418288
Parsed 100 entries at 2013-06-28 06:20:35.200061
Parsed 100 entries at 2013-06-28 06:21:36.206833
Parsed 100 entries at 2013-06-28 06:22:37.231043
Parsed 100 entries at 2013-06-28 06:23:38.196031
Parsed 100 entries at 2013-06-28 06:24:38.999799
Parsed 100 entries at 2013-06-28 06:25:39.712381
Parsed 100 entries at 2013-06-28 06:26:40.496949
Parsed 100 entries at 2013-06-28 06:27:41.706237
Parsed 100 entries at 2013-06-28 06:28:42.421742
Parsed 100 entries at 2013-06-28 06:29:43.261330
Parsed 100 entries at 2013-06-28 06:30:44.051644
Parsed 100 entries at 2013-06-28 06:31:44.850135
Parsed 100 entries at 2013-06-28 06:32:45.597175
Parsed 100 entries at 2013-06-28 06:33:46.473028
Parsed 100 entries at 2013-06-28 06:34:47.209957
Parsed 100 entries at 2013-06-28 06:35:48.159853
Parsed 100 entries at 2013-06-28 06:36:54.204010
Parsed 100 entries at 2013-06-28 06:37:54.955381
Parsed 100 entries at 2013-06-28 06:38:55.901658
Parsed 100 entries at 2013-06-28 06:39:56.827913
Parsed 100 entries at 2013-06-28 06:40:57.680918
Parsed 100 entries at 2013-06-28 06:41:58.593242
Parsed 100 entries at 2013-06-28 06:42:59.304979
Parsed 100 entries at 2013-06-28 06:44:00.207018
Parsed 100 entries at 2013-06-28 06:45:01.012018
Parsed 100 entries at 2013-06-28 06:46:01.793098
Parsed 100 entries at 2013-06-28 06:47:02.650660
Parsed 100 entries at 2013-06-28 06:48:03.409192
Parsed 100 entries at 2013-06-28 06:49:04.354800
Parsed 100 entries at 2013-06-28 06:50:05.120203
Parsed 100 entries at 2013-06-28 06:51:05.805751
Parsed 100 entries at 2013-06-28 06:52:06.596517
Parsed 100 entries at 2013-06-28 06:53:07.548471
Parsed 100 entries at 2013-06-28 06:54:08.305866
Parsed 100 entries at 2013-06-28 06:55:09.010325
Parsed 100 entries at 2013-06-28 06:56:09.745489
Parsed 100 entries at 2013-06-28 06:57:10.431036
Parsed 100 entries at 2013-06-28 06:58:11.286195
Parsed 100 entries at 2013-06-28 06:59:12.120612
Parsed 100 entries at 2013-06-28 07:00:13.020354
Parsed 100 entries at 2013-06-28 07:01:14.030231
Parsed 100 entries at 2013-06-28 07:02:15.001653
Parsed 100 entries at 2013-06-28 07:03:15.712272
Parsed 100 entries at 2013-06-28 07:04:16.489766
Parsed 100 entries at 2013-06-28 07:05:17.259587
Parsed 100 entries at 2013-06-28 07:06:18.061613
Parsed 100 entries at 2013-06-28 07:07:18.859124
Parsed 100 entries at 2013-06-28 07:08:19.592399
Parsed 100 entries at 2013-06-28 07:09:20.542698
Parsed 100 entries at 2013-06-28 07:10:21.300256
Parsed 100 entries at 2013-06-28 07:11:22.122450
Parsed 100 entries at 2013-06-28 07:12:22.843228
Parsed 100 entries at 2013-06-28 07:13:23.747987
Parsed 100 entries at 2013-06-28 07:14:24.481913
Parsed 100 entries at 2013-06-28 07:15:25.190235
Parsed 100 entries at 2013-06-28 07:16:25.951791
Parsed 100 entries at 2013-06-28 07:17:26.868124
Parsed 100 entries at 2013-06-28 07:18:27.610879
Parsed 100 entries at 2013-06-28 07:19:28.506220
Parsed 100 entries at 2013-06-28 07:20:29.260233
Parsed 100 entries at 2013-06-28 07:21:29.957552
Parsed 100 entries at 2013-06-28 07:22:30.939281
Parsed 100 entries at 2013-06-28 07:23:31.896424
Parsed 100 entries at 2013-06-28 07:24:32.546000
Parsed 100 entries at 2013-06-28 07:25:33.373850
Parsed 100 entries at 2013-06-28 07:26:34.077938
Parsed 100 entries at 2013-06-28 07:27:34.956682
Parsed 100 entries at 2013-06-28 07:28:35.636861
Parsed 100 entries at 2013-06-28 07:29:36.483281
Parsed 100 entries at 2013-06-28 07:30:37.294796
Parsed 100 entries at 2013-06-28 07:31:38.234461
Parsed 100 entries at 2013-06-28 07:32:38.995322
Parsed 100 entries at 2013-06-28 07:33:39.853322
Parsed 100 entries at 2013-06-28 07:34:41.375433
Parsed 100 entries at 2013-06-28 07:35:42.266187
Parsed 100 entries at 2013-06-28 07:36:43.420038
Parsed 100 entries at 2013-06-28 07:37:44.289212
Parsed 100 entries at 2013-06-28 07:38:45.161969
Parsed 100 entries at 2013-06-28 07:39:45.985576
Parsed 100 entries at 2013-06-28 07:40:46.702660
Parsed 100 entries at 2013-06-28 07:41:47.611769
Parsed 100 entries at 2013-06-28 07:42:48.349909
Parsed 100 entries at 2013-06-28 07:43:49.233088
Parsed 100 entries at 2013-06-28 07:44:50.270148
Parsed 100 entries at 2013-06-28 07:45:50.993874
Parsed 100 entries at 2013-06-28 07:46:51.697099
Parsed 100 entries at 2013-06-28 07:47:52.708838
Parsed 100 entries at 2013-06-28 07:48:53.684051
Parsed 100 entries at 2013-06-28 07:49:54.571312
Parsed 100 entries at 2013-06-28 07:50:55.407175
Parsed 100 entries at 2013-06-28 07:51:56.474741
Parsed 100 entries at 2013-06-28 07:52:57.391038
Parsed 100 entries at 2013-06-28 07:53:58.259449
Parsed 100 entries at 2013-06-28 07:54:58.985128
Parsed 100 entries at 2013-06-28 07:55:59.840347
Parsed 100 entries at 2013-06-28 07:57:00.601702
Parsed 100 entries at 2013-06-28 07:58:01.396536
Parsed 100 entries at 2013-06-28 07:59:02.263879
Parsed 100 entries at 2013-06-28 08:00:03.066026
Parsed 100 entries at 2013-06-28 08:01:04.147361
Parsed 100 entries at 2013-06-28 08:02:04.874845
Parsed 100 entries at 2013-06-28 08:03:05.906136
Parsed 100 entries at 2013-06-28 08:04:07.278177
Parsed 100 entries at 2013-06-28 08:05:07.959884
Parsed 100 entries at 2013-06-28 08:06:08.912385
Parsed 100 entries at 2013-06-28 08:07:09.877367
Parsed 100 entries at 2013-06-28 08:08:10.796003
Parsed 100 entries at 2013-06-28 08:09:11.494883
Parsed 100 entries at 2013-06-28 08:10:12.291185
Parsed 100 entries at 2013-06-28 08:11:13.067211
Parsed 100 entries at 2013-06-28 08:12:13.855373
Parsed 100 entries at 2013-06-28 08:13:14.666948
Parsed 100 entries at 2013-06-28 08:14:15.376954
Parsed 100 entries at 2013-06-28 08:15:16.100750
Parsed 100 entries at 2013-06-28 08:16:17.090944
Parsed 100 entries at 2013-06-28 08:17:17.954621
Parsed 100 entries at 2013-06-28 08:18:18.866314
Parsed 100 entries at 2013-06-28 08:19:19.602282
Parsed 100 entries at 2013-06-28 08:20:20.391024
Parsed 100 entries at 2013-06-28 08:21:21.141557
Parsed 100 entries at 2013-06-28 08:22:22.138332
Parsed 100 entries at 2013-06-28 08:23:23.014799
Parsed 100 entries at 2013-06-28 08:24:23.784759
Parsed 100 entries at 2013-06-28 08:25:24.679081
Parsed 100 entries at 2013-06-28 08:26:25.473397
Parsed 100 entries at 2013-06-28 08:27:26.403363
Parsed 100 entries at 2013-06-28 08:28:27.257031
Parsed 100 entries at 2013-06-28 08:29:28.725088
Parsed 100 entries at 2013-06-28 08:30:29.563678
Parsed 100 entries at 2013-06-28 08:31:30.333972
Parsed 100 entries at 2013-06-28 08:32:31.184304
Parsed 100 entries at 2013-06-28 08:33:31.894311
Parsed 100 entries at 2013-06-28 08:34:32.895552
Parsed 100 entries at 2013-06-28 08:35:33.613380
Parsed 100 entries at 2013-06-28 08:36:34.455691
Parsed 100 entries at 2013-06-28 08:37:35.381523
Parsed 100 entries at 2013-06-28 08:38:36.074255
Parsed 100 entries at 2013-06-28 08:39:36.867372
Parsed 100 entries at 2013-06-28 08:40:37.648384
Parsed 100 entries at 2013-06-28 08:41:38.504639
Parsed 100 entries at 2013-06-28 08:42:39.540404
Parsed 100 entries at 2013-06-28 08:43:40.333452
Parsed 100 entries at 2013-06-28 08:44:41.086526
Parsed 100 entries at 2013-06-28 08:45:42.224482
Parsed 100 entries at 2013-06-28 08:46:43.099210
Parsed 100 entries at 2013-06-28 08:47:43.849287
Parsed 100 entries at 2013-06-28 08:48:44.574365
Parsed 100 entries at 2013-06-28 08:49:45.325466
Parsed 100 entries at 2013-06-28 08:50:46.048049
Parsed 100 entries at 2013-06-28 08:51:46.882202
Parsed 100 entries at 2013-06-28 08:52:47.670020
Parsed 100 entries at 2013-06-28 08:53:48.394777
Parsed 100 entries at 2013-06-28 08:54:49.064712
Parsed 100 entries at 2013-06-28 08:55:49.770781
Parsed 100 entries at 2013-06-28 08:56:50.603192
Parsed 100 entries at 2013-06-28 08:57:51.603234
Parsed 100 entries at 2013-06-28 08:58:52.332608
Parsed 100 entries at 2013-06-28 08:59:53.287609
Parsed 100 entries at 2013-06-28 09:00:54.031755
Parsed 100 entries at 2013-06-28 09:01:54.759948
Parsed 100 entries at 2013-06-28 09:02:55.587401
Parsed 100 entries at 2013-06-28 09:03:56.456801
Parsed 100 entries at 2013-06-28 09:04:57.173156
Parsed 100 entries at 2013-06-28 09:05:57.889524
Parsed 100 entries at 2013-06-28 09:06:58.662069
Parsed 100 entries at 2013-06-28 09:07:59.440205
Parsed 100 entries at 2013-06-28 09:09:00.161726
Parsed 100 entries at 2013-06-28 09:10:01.042009
Parsed 100 entries at 2013-06-28 09:11:01.785213
Parsed 100 entries at 2013-06-28 09:12:02.651262
Parsed 100 entries at 2013-06-28 09:13:03.517289
Parsed 100 entries at 2013-06-28 09:14:04.288552
Parsed 100 entries at 2013-06-28 09:15:05.007891
Parsed 100 entries at 2013-06-28 09:16:05.926005
Parsed 100 entries at 2013-06-28 09:17:06.665239
Parsed 100 entries at 2013-06-28 09:18:07.468529
Parsed 100 entries at 2013-06-28 09:19:08.272328
Parsed 100 entries at 2013-06-28 09:20:08.999850
Parsed 100 entries at 2013-06-28 09:21:09.815675
Parsed 100 entries at 2013-06-28 09:22:10.569427
Parsed 100 entries at 2013-06-28 09:23:11.510970
Parsed 100 entries at 2013-06-28 09:24:12.339940
Parsed 100 entries at 2013-06-28 09:25:13.074565
Parsed 100 entries at 2013-06-28 09:26:14.043032
Parsed 100 entries at 2013-06-28 09:27:14.904268
Parsed 100 entries at 2013-06-28 09:28:15.689106
Parsed 100 entries at 2013-06-28 09:29:16.819127
Parsed 100 entries at 2013-06-28 09:30:17.604273
Parsed 100 entries at 2013-06-28 09:31:18.542759
Parsed 100 entries at 2013-06-28 09:32:19.286871
Parsed 100 entries at 2013-06-28 09:33:20.504312
Parsed 100 entries at 2013-06-28 09:34:21.219222
Parsed 100 entries at 2013-06-28 09:35:22.008992
Parsed 100 entries at 2013-06-28 09:36:22.702421
Parsed 100 entries at 2013-06-28 09:37:23.749577
Parsed 100 entries at 2013-06-28 09:38:24.741700
Parsed 100 entries at 2013-06-28 09:39:25.494864
Parsed 100 entries at 2013-06-28 09:40:26.267564
Parsed 100 entries at 2013-06-28 09:41:27.109989
Parsed 100 entries at 2013-06-28 09:42:27.844963
Parsed 100 entries at 2013-06-28 09:43:28.603362
Parsed 100 entries at 2013-06-28 09:44:29.331105
Parsed 100 entries at 2013-06-28 09:45:31.137676
Parsed 100 entries at 2013-06-28 09:46:32.495586
Parsed 100 entries at 2013-06-28 09:47:33.269921
Parsed 100 entries at 2013-06-28 09:48:34.106668
Parsed 100 entries at 2013-06-28 09:49:34.832713
Parsed 100 entries at 2013-06-28 09:50:35.607832
Parsed 100 entries at 2013-06-28 09:51:36.711831
Parsed 100 entries at 2013-06-28 09:52:37.516711
Parsed 100 entries at 2013-06-28 09:53:38.319278
Parsed 100 entries at 2013-06-28 09:54:39.316257
Parsed 100 entries at 2013-06-28 09:55:40.134349
Parsed 100 entries at 2013-06-28 09:56:40.899863
Parsed 100 entries at 2013-06-28 09:57:41.603862
Parsed 100 entries at 2013-06-28 09:58:42.303453
Parsed 100 entries at 2013-06-28 09:59:43.105992
Parsed 100 entries at 2013-06-28 10:00:43.918478
Parsed 100 entries at 2013-06-28 10:01:44.796977
Parsed 100 entries at 2013-06-28 10:02:45.596287
Parsed 100 entries at 2013-06-28 10:03:46.351815
Parsed 100 entries at 2013-06-28 10:04:47.093697
Parsed 100 entries at 2013-06-28 10:05:47.935001
Parsed 100 entries at 2013-06-28 10:06:48.693004
Parsed 100 entries at 2013-06-28 10:07:49.466950
Parsed 100 entries at 2013-06-28 10:08:50.223775
Parsed 100 entries at 2013-06-28 10:09:51.049408
Parsed 100 entries at 2013-06-28 10:10:51.896975
Parsed 100 entries at 2013-06-28 10:11:52.635345
Parsed 100 entries at 2013-06-28 10:12:53.540566
Parsed 100 entries at 2013-06-28 10:13:54.334254
Parsed 100 entries at 2013-06-28 10:14:55.104668
Parsed 100 entries at 2013-06-28 10:15:55.866598
Parsed 100 entries at 2013-06-28 10:16:56.546280
Parsed 100 entries at 2013-06-28 10:17:57.434761
Parsed 100 entries at 2013-06-28 10:18:59.146572
Parsed 100 entries at 2013-06-28 10:20:00.578471
Parsed 100 entries at 2013-06-28 10:21:01.406523
Parsed 100 entries at 2013-06-28 10:22:02.448250
Parsed 100 entries at 2013-06-28 10:23:03.324384
Parsed 100 entries at 2013-06-28 10:24:04.103920
Parsed 100 entries at 2013-06-28 10:25:05.028548
Parsed 100 entries at 2013-06-28 10:26:06.100144
Parsed 100 entries at 2013-06-28 10:27:06.907452
Parsed 100 entries at 2013-06-28 10:28:09.179182
Parsed 100 entries at 2013-06-28 10:29:10.211313
Parsed 100 entries at 2013-06-28 10:30:11.067631
Parsed 100 entries at 2013-06-28 10:31:12.272040
Parsed 100 entries at 2013-06-28 10:32:13.187888
Parsed 100 entries at 2013-06-28 10:33:13.937117
Parsed 100 entries at 2013-06-28 10:34:15.160594
Parsed 100 entries at 2013-06-28 10:35:15.979755
Parsed 100 entries at 2013-06-28 10:36:16.760918
Parsed 100 entries at 2013-06-28 10:37:18.683302
Parsed 100 entries at 2013-06-28 10:38:19.761163
Parsed 100 entries at 2013-06-28 10:39:20.724392
Parsed 100 entries at 2013-06-28 10:40:21.560456
Parsed 100 entries at 2013-06-28 10:41:22.449413
Parsed 100 entries at 2013-06-28 10:42:23.387955
Parsed 100 entries at 2013-06-28 10:43:24.227962
Parsed 100 entries at 2013-06-28 10:44:25.005671
Parsed 100 entries at 2013-06-28 10:45:26.194804
Parsed 100 entries at 2013-06-28 10:46:27.361366
Parsed 100 entries at 2013-06-28 10:47:28.605077
Parsed 100 entries at 2013-06-28 10:48:29.398655
Parsed 100 entries at 2013-06-28 10:49:30.281172
Parsed 100 entries at 2013-06-28 10:50:31.843012
Parsed 100 entries at 2013-06-28 10:51:32.741049
Parsed 100 entries at 2013-06-28 10:52:33.618722
Parsed 100 entries at 2013-06-28 10:53:34.526808
Parsed 100 entries at 2013-06-28 10:54:36.037052
Parsed 100 entries at 2013-06-28 10:55:36.817681
Parsed 100 entries at 2013-06-28 10:56:37.623562
Parsed 100 entries at 2013-06-28 10:57:38.397740
Parsed 100 entries at 2013-06-28 10:58:39.224685
Parsed 100 entries at 2013-06-28 10:59:40.193791
Parsed 100 entries at 2013-06-28 11:00:41.118185
Parsed 100 entries at 2013-06-28 11:01:41.921586
Parsed 100 entries at 2013-06-28 11:02:42.744422
Parsed 100 entries at 2013-06-28 11:03:44.108648
Parsed 100 entries at 2013-06-28 11:04:45.238042
Parsed 100 entries at 2013-06-28 11:05:46.071850
Parsed 100 entries at 2013-06-28 11:06:47.129438
Parsed 100 entries at 2013-06-28 11:07:47.925690
Parsed 100 entries at 2013-06-28 11:08:48.991893
Parsed 100 entries at 2013-06-28 11:09:49.848550
Parsed 100 entries at 2013-06-28 11:10:50.622382
Parsed 100 entries at 2013-06-28 11:11:51.423638
Parsed 100 entries at 2013-06-28 11:12:52.251032
Parsed 100 entries at 2013-06-28 11:13:52.986897
Parsed 100 entries at 2013-06-28 11:14:54.447212
Parsed 100 entries at 2013-06-28 11:15:55.803268
Parsed 100 entries at 2013-06-28 11:16:56.992238
Parsed 100 entries at 2013-06-28 11:17:57.995575
Parsed 100 entries at 2013-06-28 11:18:59.019966
Parsed 100 entries at 2013-06-28 11:19:59.948139
Parsed 100 entries at 2013-06-28 11:21:00.908295
Parsed 100 entries at 2013-06-28 11:22:01.792648
Parsed 100 entries at 2013-06-28 11:23:02.623051
Parsed 100 entries at 2013-06-28 11:24:04.491966
Parsed 100 entries at 2013-06-28 11:25:05.957912
Parsed 100 entries at 2013-06-28 11:26:06.726892
Parsed 100 entries at 2013-06-28 11:27:07.918489
Parsed 100 entries at 2013-06-28 11:28:08.593949
Parsed 100 entries at 2013-06-28 11:29:09.453866
Parsed 100 entries at 2013-06-28 11:30:10.201380
Parsed 100 entries at 2013-06-28 11:31:10.971740
Parsed 100 entries at 2013-06-28 11:32:11.798746
Parsed 100 entries at 2013-06-28 11:33:12.660736
Parsed 100 entries at 2013-06-28 11:34:13.378069
Parsed 100 entries at 2013-06-28 11:35:14.153390
Parsed 100 entries at 2013-06-28 11:36:14.886813
Parsed 100 entries at 2013-06-28 11:37:15.675473
Parsed 100 entries at 2013-06-28 11:38:16.407429
Parsed 100 entries at 2013-06-28 11:39:17.094664
Parsed 100 entries at 2013-06-28 11:40:18.018956
Traceback (most recent call last):
  File "./leaderboard.py", line 33, in <module>
    dbmgr.insert_leaderboard(trpr)
  File "../db/dbmgr.py", line 184, in insert_leaderboard
    ps_leaderboard_insert.load_rows(rating_tuples)
  File "/usr/lib/python3.3/site-packages/postgresql/driver/pq3.py", line 1833, in load_rows
    return self.load_chunks(chunk(rows, chunksize))
  File "/usr/lib/python3.3/site-packages/postgresql/driver/pq3.py", line 1830, in load_chunks
    return self._load_tuple_chunks(chunks)
  File "/usr/lib/python3.3/site-packages/postgresql/driver/pq3.py", line 1803, in _load_tuple_chunks
    self.database._pq_complete()
  File "/usr/lib/python3.3/site-packages/postgresql/driver/pq3.py", line 2604, in _pq_complete
    self.typio.raise_error(x.error_message, cause = getattr(x, 'exception', None))
  File "/usr/lib/python3.3/site-packages/postgresql/driver/pq3.py", line 541, in raise_error
    self.raise_server_error(error_message, **kw)
  File "/usr/lib/python3.3/site-packages/postgresql/driver/pq3.py", line 532, in raise_server_error
    raise server_error
postgresql.exceptions.InsufficientPrivilegeError: could not write to log file 171, segment 34 at offset 7946240, length 8192: Read-only file system
  CODE: 42501
  LOCATION: File 'xlog.c', line 1870, in XLogWrite from SERVER
STATEMENT: [prepared]
  sql_parameter_types:
    ['TIMESTAMP WITHOUT TIME ZONE', 'SMALLINT', 'CHARACTER VARYING', 'SMALLINT']
  statement_id: py:0x7f4f294df9d0
  string: INSERT INTO rating VALUES ($1,$2,$3,$4)
CONNECTION: [closed]
  client_address: ::1/128
  client_port: 44195
  version:
    PostgreSQL 9.2.4 on x86_64-unknown-linux-gnu, compiled by gcc (GCC) 4.8.0 20130502 (prerelease), 64-bit
CONNECTOR: [Host] pq://ai@localhost:5432/goko
  category: None
DRIVER: postgresql.driver.pq3.Driver
Traceback (most recent call last):
  File "./leaderboard.py", line 11, in <module>
    import dbmgr
  File "../db/dbmgr.py", line 143, in <module>
    "INSERT INTO presult VALUES($1,$2,$3,$4,$5,$6,$7,$8,$9)")
  File "/usr/lib/python3.3/site-packages/postgresql/driver/pq3.py", line 2326, in prepare
    ps._fini()
  File "/usr/lib/python3.3/site-packages/postgresql/driver/pq3.py", line 1513, in _fini
    self.database._pq_complete()
  File "/usr/lib/python3.3/site-packages/postgresql/driver/pq3.py", line 2601, in _pq_complete
    pq.complete()
  File "/usr/lib/python3.3/site-packages/postgresql/protocol/client3.py", line 448, in complete
    if READ_MORE():
  File "/usr/lib/python3.3/site-packages/postgresql/protocol/client3.py", line 277, in standard_read_messages
    r = self.read_into()
  File "/usr/lib/python3.3/site-packages/postgresql/protocol/client3.py", line 241, in read_into
    self.read_data = RECV_DATA(RECV_BYTES)
KeyboardInterrupt
Parsed 100 entries at 2013-07-04 07:25:56.709514
Parsed 100 entries at 2013-07-04 07:26:58.310433
Parsed 100 entries at 2013-07-04 07:27:59.209891
Parsed 100 entries at 2013-07-04 07:29:00.078338
Parsed 100 entries at 2013-07-04 07:30:00.822190
Parsed 100 entries at 2013-07-04 07:31:01.486184
Parsed 100 entries at 2013-07-04 07:32:02.208136
Parsed 100 entries at 2013-07-04 07:33:02.972360
Parsed 100 entries at 2013-07-04 07:34:03.928524
Parsed 100 entries at 2013-07-04 07:35:04.601618
Parsed 100 entries at 2013-07-04 07:36:05.331926
Parsed 100 entries at 2013-07-04 07:37:06.224292
Parsed 100 entries at 2013-07-04 07:38:06.962678
Parsed 100 entries at 2013-07-04 07:39:07.800173
Parsed 100 entries at 2013-07-04 07:40:08.682882
Parsed 100 entries at 2013-07-04 07:41:09.420947
Parsed 100 entries at 2013-07-04 07:42:10.647752
Parsed 100 entries at 2013-07-04 07:43:11.514617
Parsed 100 entries at 2013-07-04 07:44:12.377472
Parsed 100 entries at 2013-07-04 07:45:13.203518
Parsed 100 entries at 2013-07-04 07:46:13.972827
Parsed 100 entries at 2013-07-04 07:47:14.664887
Parsed 100 entries at 2013-07-04 07:48:15.421456
Parsed 100 entries at 2013-07-04 07:49:16.261472
Parsed 100 entries at 2013-07-04 07:50:17.048446
Parsed 100 entries at 2013-07-04 07:51:17.778929
Parsed 100 entries at 2013-07-04 07:52:18.483752
Parsed 100 entries at 2013-07-04 07:53:19.217721
Parsed 100 entries at 2013-07-04 07:54:19.927720
Parsed 100 entries at 2013-07-04 07:55:20.721871
Parsed 100 entries at 2013-07-04 07:56:21.604688
Parsed 100 entries at 2013-07-04 07:57:22.342343
Parsed 100 entries at 2013-07-04 07:58:22.999430
Parsed 100 entries at 2013-07-04 07:59:23.851178
Parsed 100 entries at 2013-07-04 08:00:24.536904
Parsed 100 entries at 2013-07-04 08:01:25.270740
Parsed 100 entries at 2013-07-04 08:02:26.020006
Parsed 100 entries at 2013-07-04 08:03:26.813536
Parsed 100 entries at 2013-07-04 08:04:27.608911
Parsed 100 entries at 2013-07-04 08:05:28.458660
Parsed 100 entries at 2013-07-04 08:06:29.203474
Parsed 100 entries at 2013-07-04 08:07:29.942558
Parsed 100 entries at 2013-07-04 08:08:30.652135
Parsed 100 entries at 2013-07-04 08:09:31.400978
Parsed 100 entries at 2013-07-04 08:10:32.329490
Parsed 100 entries at 2013-07-04 08:11:33.090379
Parsed 100 entries at 2013-07-04 08:12:33.843539
Parsed 100 entries at 2013-07-04 08:13:34.989440
Parsed 100 entries at 2013-07-04 08:14:35.827906
Parsed 100 entries at 2013-07-04 08:15:36.604737
Parsed 100 entries at 2013-07-04 08:16:37.414544
Parsed 100 entries at 2013-07-04 08:17:38.270300
Parsed 100 entries at 2013-07-04 08:18:39.082679
Parsed 100 entries at 2013-07-04 08:19:40.497660
Parsed 100 entries at 2013-07-04 08:20:41.343130
Parsed 100 entries at 2013-07-04 08:21:42.136889
Parsed 100 entries at 2013-07-04 08:22:42.855613
Parsed 100 entries at 2013-07-04 08:23:43.592855
Parsed 100 entries at 2013-07-04 08:24:44.332487
Parsed 100 entries at 2013-07-04 08:25:45.054339
Parsed 100 entries at 2013-07-04 08:26:45.716565
Parsed 100 entries at 2013-07-04 08:27:46.420067
Parsed 100 entries at 2013-07-04 08:28:47.165035
Parsed 100 entries at 2013-07-04 08:29:47.981403
Parsed 100 entries at 2013-07-04 08:30:48.734386
Parsed 100 entries at 2013-07-04 08:31:49.433065
Parsed 100 entries at 2013-07-04 08:32:50.260725
Parsed 100 entries at 2013-07-04 08:33:51.178361
Parsed 100 entries at 2013-07-04 08:34:51.969626
Parsed 100 entries at 2013-07-04 08:35:52.760793
Parsed 100 entries at 2013-07-04 08:36:53.471003
Parsed 100 entries at 2013-07-04 08:37:54.180394
Parsed 100 entries at 2013-07-04 08:38:54.833571
Parsed 100 entries at 2013-07-04 08:39:55.578894
Parsed 100 entries at 2013-07-04 08:40:56.286099
Parsed 100 entries at 2013-07-04 08:41:57.021831
Parsed 100 entries at 2013-07-04 08:42:57.927047
Parsed 100 entries at 2013-07-04 08:43:58.728437
Parsed 100 entries at 2013-07-04 08:44:59.561938
Parsed 100 entries at 2013-07-04 08:46:00.491266
Parsed 100 entries at 2013-07-04 08:47:01.332484
Parsed 100 entries at 2013-07-04 08:48:02.098956
Parsed 100 entries at 2013-07-04 08:49:02.854958
Parsed 100 entries at 2013-07-04 08:50:03.637299
Parsed 100 entries at 2013-07-04 08:51:04.305669
Parsed 100 entries at 2013-07-04 08:52:05.075207
Parsed 100 entries at 2013-07-04 08:53:05.918663
Parsed 100 entries at 2013-07-04 08:54:06.580654
Parsed 100 entries at 2013-07-04 08:55:07.450214
Parsed 100 entries at 2013-07-04 08:56:08.155800
Parsed 100 entries at 2013-07-04 08:57:09.177901
Parsed 100 entries at 2013-07-04 08:58:09.919802
Parsed 100 entries at 2013-07-04 08:59:10.722254
Parsed 100 entries at 2013-07-04 09:00:11.627267
Parsed 100 entries at 2013-07-04 09:01:12.582142
Parsed 100 entries at 2013-07-04 09:02:13.273144
Parsed 100 entries at 2013-07-04 09:03:14.155479
Parsed 100 entries at 2013-07-04 09:04:14.904230
Parsed 100 entries at 2013-07-04 09:05:15.630502
Parsed 100 entries at 2013-07-04 09:06:17.537568
Parsed 100 entries at 2013-07-04 09:07:18.260160
Parsed 100 entries at 2013-07-04 09:08:18.955192
Parsed 100 entries at 2013-07-04 09:09:19.931340
Parsed 100 entries at 2013-07-04 09:10:20.785240
Parsed 100 entries at 2013-07-04 09:11:21.593398
Parsed 100 entries at 2013-07-04 09:12:22.330674
Parsed 100 entries at 2013-07-04 09:13:23.188846
Parsed 100 entries at 2013-07-04 09:14:23.947719
Parsed 100 entries at 2013-07-04 09:15:24.718683
Parsed 100 entries at 2013-07-04 09:16:25.511874
Parsed 100 entries at 2013-07-04 09:17:26.315449
Parsed 100 entries at 2013-07-04 09:18:27.138358
Parsed 100 entries at 2013-07-04 09:19:28.051350
Parsed 100 entries at 2013-07-04 09:20:28.882789
Parsed 100 entries at 2013-07-04 09:21:29.641525
Parsed 100 entries at 2013-07-04 09:22:30.355470
Parsed 100 entries at 2013-07-04 09:23:31.216169
Parsed 100 entries at 2013-07-04 09:24:31.944920
Parsed 100 entries at 2013-07-04 09:25:32.813150
Parsed 100 entries at 2013-07-04 09:26:33.556069
Parsed 100 entries at 2013-07-04 09:27:34.589375
Parsed 100 entries at 2013-07-04 09:28:35.405600
Parsed 100 entries at 2013-07-04 09:29:36.230316
Parsed 100 entries at 2013-07-04 09:30:36.975568
Parsed 100 entries at 2013-07-04 09:31:37.717337
Parsed 100 entries at 2013-07-04 09:32:38.578359
Parsed 100 entries at 2013-07-04 09:33:39.348054
Parsed 100 entries at 2013-07-04 09:34:40.098733
Parsed 100 entries at 2013-07-04 09:35:41.891768
Parsed 100 entries at 2013-07-04 09:36:42.644843
Parsed 100 entries at 2013-07-04 09:37:43.677862
Parsed 100 entries at 2013-07-04 09:38:44.532156
Parsed 100 entries at 2013-07-04 09:39:46.319002
Parsed 100 entries at 2013-07-04 09:40:47.275153
Parsed 100 entries at 2013-07-04 09:41:48.055809
Parsed 100 entries at 2013-07-04 09:42:48.881726
Parsed 100 entries at 2013-07-04 09:43:49.922589
Parsed 100 entries at 2013-07-04 09:44:50.590353
Parsed 100 entries at 2013-07-04 09:45:51.329622
Parsed 100 entries at 2013-07-04 09:46:52.068199
Parsed 100 entries at 2013-07-04 09:47:52.808113
Parsed 100 entries at 2013-07-04 09:48:53.680811
Parsed 100 entries at 2013-07-04 09:49:54.366558
Parsed 100 entries at 2013-07-04 09:50:55.116446
Parsed 100 entries at 2013-07-04 09:51:55.899253
Parsed 100 entries at 2013-07-04 09:52:56.823815
Parsed 100 entries at 2013-07-04 09:53:57.861898
Parsed 100 entries at 2013-07-04 09:54:58.595308
Parsed 100 entries at 2013-07-04 09:55:59.259761
Parsed 100 entries at 2013-07-04 09:57:00.021810
Parsed 100 entries at 2013-07-04 09:58:01.296312
Parsed 100 entries at 2013-07-04 09:59:02.122520
Parsed 100 entries at 2013-07-04 10:00:03.067290
Parsed 100 entries at 2013-07-04 10:01:04.172079
Parsed 100 entries at 2013-07-04 10:02:04.962321
Parsed 100 entries at 2013-07-04 10:03:05.741507
Parsed 100 entries at 2013-07-04 10:04:06.839099
Parsed 100 entries at 2013-07-04 10:05:07.579812
Parsed 100 entries at 2013-07-04 10:06:08.564569
Parsed 100 entries at 2013-07-04 10:07:09.273969
Parsed 100 entries at 2013-07-04 10:08:10.011741
Parsed 100 entries at 2013-07-04 10:09:10.810107
Parsed 100 entries at 2013-07-04 10:10:11.560927
Parsed 100 entries at 2013-07-04 10:11:12.463899
Parsed 100 entries at 2013-07-04 10:12:13.384458
Parsed 100 entries at 2013-07-04 10:13:14.370660
Parsed 100 entries at 2013-07-04 10:14:15.219897
Parsed 100 entries at 2013-07-04 10:15:15.926790
Parsed 100 entries at 2013-07-04 10:16:16.711024
Parsed 100 entries at 2013-07-04 10:17:17.540102
Parsed 100 entries at 2013-07-04 10:18:18.248842
Parsed 100 entries at 2013-07-04 10:19:18.969560
Parsed 100 entries at 2013-07-04 10:20:19.647118
Parsed 100 entries at 2013-07-04 10:21:20.535851
Parsed 100 entries at 2013-07-04 10:22:21.223387
Parsed 100 entries at 2013-07-04 10:23:22.225937
Parsed 100 entries at 2013-07-04 10:24:23.024007
Parsed 100 entries at 2013-07-04 10:25:23.962463
Parsed 100 entries at 2013-07-04 10:26:24.733543
Parsed 100 entries at 2013-07-04 10:27:25.568241
Parsed 100 entries at 2013-07-04 10:28:26.267075
Parsed 100 entries at 2013-07-04 10:29:26.933730
Parsed 100 entries at 2013-07-04 10:30:27.668194
Parsed 100 entries at 2013-07-04 10:31:28.976922
Parsed 100 entries at 2013-07-04 10:32:29.719992
Parsed 100 entries at 2013-07-04 10:33:30.408296
Parsed 100 entries at 2013-07-04 10:34:31.149809
Parsed 100 entries at 2013-07-04 10:35:31.829395
Parsed 100 entries at 2013-07-04 10:36:32.582700
Parsed 100 entries at 2013-07-04 10:37:33.367121
Parsed 100 entries at 2013-07-04 10:38:34.441536
Parsed 100 entries at 2013-07-04 10:39:35.273495
Parsed 100 entries at 2013-07-04 10:40:35.978444
Parsed 100 entries at 2013-07-04 10:41:36.795896
Parsed 100 entries at 2013-07-04 10:42:37.505683
Parsed 100 entries at 2013-07-04 10:43:38.256452
Parsed 100 entries at 2013-07-04 10:44:38.984137
Parsed 100 entries at 2013-07-04 10:45:39.702980
Parsed 100 entries at 2013-07-04 10:46:40.563751
Parsed 100 entries at 2013-07-04 10:47:41.307492
Parsed 100 entries at 2013-07-04 10:48:42.098695
Parsed 100 entries at 2013-07-04 10:49:42.862071
Parsed 100 entries at 2013-07-04 10:50:43.619053
Parsed 100 entries at 2013-07-04 10:51:44.397238
Parsed 100 entries at 2013-07-04 10:52:45.140682
Parsed 100 entries at 2013-07-04 10:53:45.825996
Parsed 100 entries at 2013-07-04 10:54:46.781322
Parsed 100 entries at 2013-07-04 10:55:47.451059
Parsed 100 entries at 2013-07-04 10:56:48.290019
Parsed 100 entries at 2013-07-04 10:57:49.042528
Parsed 100 entries at 2013-07-04 10:58:49.787425
Parsed 100 entries at 2013-07-04 10:59:50.538276
Parsed 100 entries at 2013-07-04 11:00:51.310486
Parsed 100 entries at 2013-07-04 11:01:52.071694
Parsed 100 entries at 2013-07-04 11:02:52.911170
Parsed 100 entries at 2013-07-04 11:03:53.671500
Parsed 100 entries at 2013-07-04 11:04:54.432243
Parsed 100 entries at 2013-07-04 11:05:55.165893
Parsed 100 entries at 2013-07-04 11:06:55.969506
Parsed 100 entries at 2013-07-04 11:07:56.802532
Parsed 100 entries at 2013-07-04 11:08:57.466037
Parsed 100 entries at 2013-07-04 11:09:58.401249
Parsed 100 entries at 2013-07-04 11:10:59.081461
Parsed 100 entries at 2013-07-04 11:11:59.827829
Parsed 100 entries at 2013-07-04 11:13:00.538527
Parsed 100 entries at 2013-07-04 11:14:01.268245
Parsed 100 entries at 2013-07-04 11:15:02.020683
Parsed 100 entries at 2013-07-04 11:16:02.800256
Parsed 100 entries at 2013-07-04 11:17:03.531106
Parsed 100 entries at 2013-07-04 11:18:04.443189
Parsed 100 entries at 2013-07-04 11:19:05.765600
Parsed 100 entries at 2013-07-04 11:20:06.536264
Parsed 100 entries at 2013-07-04 11:21:07.286458
Parsed 100 entries at 2013-07-04 11:22:08.152583
Parsed 100 entries at 2013-07-04 11:23:09.300404
Parsed 100 entries at 2013-07-04 11:24:10.245994
Parsed 100 entries at 2013-07-04 11:25:11.072698
Parsed 100 entries at 2013-07-04 11:26:11.809099
Parsed 100 entries at 2013-07-04 11:27:12.771756
Parsed 100 entries at 2013-07-04 11:28:13.474666
Parsed 100 entries at 2013-07-04 11:29:14.498084
Parsed 100 entries at 2013-07-04 11:30:15.259226
Parsed 100 entries at 2013-07-04 11:31:16.135231
Parsed 100 entries at 2013-07-04 11:32:16.916942
Parsed 100 entries at 2013-07-04 11:33:17.628133
Parsed 100 entries at 2013-07-04 11:34:18.413204
Parsed 100 entries at 2013-07-04 11:35:19.371505
Parsed 100 entries at 2013-07-04 11:36:20.064898
Parsed 100 entries at 2013-07-04 11:37:20.874625
Parsed 100 entries at 2013-07-04 11:38:21.580116
Parsed 100 entries at 2013-07-04 11:39:22.435744
Parsed 100 entries at 2013-07-04 11:40:23.115950
Parsed 100 entries at 2013-07-04 11:41:23.865562
Parsed 100 entries at 2013-07-04 11:42:24.651623
Parsed 100 entries at 2013-07-04 11:43:25.459033
Parsed 100 entries at 2013-07-04 11:44:26.463668
Parsed 100 entries at 2013-07-04 11:45:27.241378
Parsed 100 entries at 2013-07-04 11:46:28.077822
Parsed 100 entries at 2013-07-04 11:47:28.921211
Parsed 100 entries at 2013-07-04 11:48:29.663970
Parsed 100 entries at 2013-07-04 11:49:30.441696
Parsed 100 entries at 2013-07-04 11:50:31.175144
Parsed 100 entries at 2013-07-04 11:51:31.891758
Parsed 100 entries at 2013-07-04 11:52:32.619432
Parsed 100 entries at 2013-07-04 11:53:33.556810
Parsed 100 entries at 2013-07-04 11:54:34.346126
Parsed 100 entries at 2013-07-04 11:55:35.281444
Parsed 100 entries at 2013-07-04 11:56:36.037394
Parsed 100 entries at 2013-07-04 11:57:36.721601
Parsed 100 entries at 2013-07-04 11:58:37.663021
Parsed 100 entries at 2013-07-04 11:59:38.630372
Parsed 100 entries at 2013-07-04 12:00:39.486228
Parsed 100 entries at 2013-07-04 12:01:40.273830
Parsed 100 entries at 2013-07-04 12:02:40.961624
Parsed 100 entries at 2013-07-04 12:03:41.681871
Parsed 100 entries at 2013-07-04 12:04:42.397649
Parsed 100 entries at 2013-07-04 12:05:43.221057
Parsed 100 entries at 2013-07-04 12:06:44.093860
Parsed 100 entries at 2013-07-04 12:07:45.090784
Parsed 100 entries at 2013-07-04 12:08:45.781983
Parsed 100 entries at 2013-07-04 12:09:46.493690
Parsed 100 entries at 2013-07-04 12:10:47.520931
Parsed 100 entries at 2013-07-04 12:11:48.259733
Parsed 100 entries at 2013-07-04 12:12:49.072155
Parsed 100 entries at 2013-07-04 12:13:49.794438
Parsed 100 entries at 2013-07-04 12:14:50.778270
Parsed 100 entries at 2013-07-04 12:15:51.655388
Parsed 100 entries at 2013-07-04 12:16:52.408152
Parsed 100 entries at 2013-07-04 12:17:53.097641
Parsed 100 entries at 2013-07-04 12:18:53.827310
Parsed 100 entries at 2013-07-04 12:19:54.844061
Parsed 100 entries at 2013-07-04 12:20:55.568002
Parsed 100 entries at 2013-07-04 12:21:56.339891
Parsed 100 entries at 2013-07-04 12:22:57.121386
Parsed 100 entries at 2013-07-04 12:23:58.137802
Parsed 100 entries at 2013-07-04 12:24:59.021487
Parsed 100 entries at 2013-07-04 12:25:59.752264
Parsed 100 entries at 2013-07-04 12:27:00.558649
Parsed 100 entries at 2013-07-04 12:28:01.280479
Parsed 100 entries at 2013-07-04 12:29:01.978628
Parsed 100 entries at 2013-07-04 12:30:02.717324
Parsed 100 entries at 2013-07-04 12:31:03.407144
Parsed 100 entries at 2013-07-04 12:32:04.233637
Parsed 100 entries at 2013-07-04 12:33:05.017485
Parsed 100 entries at 2013-07-04 12:34:05.887238
Parsed 100 entries at 2013-07-04 12:35:06.776718
Parsed 100 entries at 2013-07-04 12:36:07.987767
Parsed 100 entries at 2013-07-04 12:37:09.006363
Parsed 100 entries at 2013-07-04 12:38:09.758530
Parsed 100 entries at 2013-07-04 12:39:10.498529
Parsed 100 entries at 2013-07-04 12:40:11.182834
Parsed 100 entries at 2013-07-04 12:41:12.239864
Parsed 100 entries at 2013-07-04 12:42:12.954697
Parsed 100 entries at 2013-07-04 12:43:13.772899
Parsed 100 entries at 2013-07-04 12:44:14.513412
Parsed 100 entries at 2013-07-04 12:45:15.277436
Parsed 100 entries at 2013-07-04 12:46:15.991907
Parsed 100 entries at 2013-07-04 12:47:17.039901
Parsed 100 entries at 2013-07-04 12:48:17.808359
Parsed 100 entries at 2013-07-04 12:49:19.195740
Parsed 100 entries at 2013-07-04 12:50:19.930565
Parsed 100 entries at 2013-07-04 12:51:20.653774
Parsed 100 entries at 2013-07-04 12:52:21.372453
Parsed 100 entries at 2013-07-04 12:53:22.340300
Parsed 100 entries at 2013-07-04 12:54:23.286415
Parsed 100 entries at 2013-07-04 12:55:24.079694
Parsed 100 entries at 2013-07-04 12:56:24.933360
Parsed 100 entries at 2013-07-04 12:57:25.832845
Parsed 100 entries at 2013-07-04 12:58:26.614058
Parsed 100 entries at 2013-07-04 12:59:27.370999
Parsed 100 entries at 2013-07-04 13:00:28.070322
Parsed 100 entries at 2013-07-04 13:01:28.908794
Parsed 100 entries at 2013-07-04 13:02:29.639591
Parsed 100 entries at 2013-07-04 13:03:30.349153
Parsed 100 entries at 2013-07-04 13:04:31.090921
Parsed 100 entries at 2013-07-04 13:05:31.750281
Parsed 100 entries at 2013-07-04 13:06:32.527949
Parsed 100 entries at 2013-07-04 13:07:33.219622
Parsed 100 entries at 2013-07-04 13:08:34.456331
Parsed 100 entries at 2013-07-04 13:09:35.159534
Parsed 100 entries at 2013-07-04 13:10:35.975932
Parsed 100 entries at 2013-07-04 13:11:36.721017
Parsed 100 entries at 2013-07-04 13:12:37.448338
Parsed 100 entries at 2013-07-04 13:13:38.256787
Parsed 100 entries at 2013-07-04 13:14:38.938588
Parsed 100 entries at 2013-07-04 13:15:39.708791
Parsed 100 entries at 2013-07-04 13:16:40.440576
Parsed 100 entries at 2013-07-04 13:17:41.245080
Parsed 100 entries at 2013-07-04 13:18:41.969365
Parsed 100 entries at 2013-07-04 13:19:42.695832
Parsed 100 entries at 2013-07-04 13:20:43.422272
Parsed 100 entries at 2013-07-04 13:21:44.910338
Traceback (most recent call last):
  File "./leaderboard.py", line 14, in <module>
    response = HTTPClient().fetch(url)
  File "/usr/lib/python3.3/site-packages/tornado/httpclient.py", line 85, in fetch
    self._async_client.fetch, request, **kwargs))
  File "/usr/lib/python3.3/site-packages/tornado/ioloop.py", line 370, in run_sync
    return future_cell[0].result()
  File "/usr/lib/python3.3/concurrent/futures/_base.py", line 392, in result
    return self.__get_result()
  File "/usr/lib/python3.3/concurrent/futures/_base.py", line 351, in __get_result
    raise self._exception
  File "/usr/lib/python3.3/site-packages/tornado/stack_context.py", line 302, in wrapped
    ret = fn(*args, **kwargs)
  File "/usr/lib/python3.3/site-packages/tornado/concurrent.py", line 161, in <lambda>
    lambda future: callback(future.result()))
  File "/usr/lib/python3.3/site-packages/tornado/concurrent.py", line 129, in result
    raise_exc_info(self.__exc_info)
  File "<string>", line 3, in raise_exc_info
  File "/usr/lib/python3.3/site-packages/tornado/concurrent.py", line 138, in submit
    future.set_result(fn(*args, **kwargs))
  File "/usr/lib/python3.3/site-packages/tornado/netutil.py", line 255, in resolve
    addrinfo = socket.getaddrinfo(host, port, family, socket.SOCK_STREAM)
socket.gaierror: [Errno -2] Name or service not known
